# JRE version: OpenJDK Runtime Environment Corretto-21.0.2.13.1 (21.0.2+13) (build 21.0.2+13-LTS)
# Java VM: OpenJDK 64-Bit Server VM Corretto-21.0.2.13.1 (21.0.2+13-LTS, mixed mode, sharing, tiered, compressed oops, compressed class ptrs, g1 gc, windows-amd64)
GC Precious Log:
 CardTable entry size: 512
 Card Set container configuration: InlinePtr #cards 4 size 8 Array Of Cards #cards 16 size 48 Howl #buckets 8 coarsen threshold 3686 Howl Bitmap #cards 512 size 80 coarsen threshold 460 Card regions per heap region 1 cards per card region 4096
 CPUs: 12 total, 12 available
 Memory: 16216M
 Large Page Support: Disabled
 NUMA Support: Disabled
 Compressed Oops: Enabled (Zero based)
 Heap Region Size: 2M
 Heap Min Capacity: 8M
 Heap Initial Capacity: 254M
 Heap Max Capacity: 4056M
 Pre-touch: Disabled
 Parallel Workers: 10
 Concurrent Workers: 3
 Concurrent Refinement Workers: 10
 Periodic GC: Disabled
Heap:
 garbage-first heap   total 110592K, used 35136K [0x0000000702800000, 0x0000000800000000)
  region size 2048K, 7 young (14336K), 2 survivors (4096K)
 Metaspace       used 61046K, committed 61760K, reserved 1114112K
  class space    used 8302K, committed 8640K, reserved 1048576K
GC Heap History (20 events):
Event: 0.600 GC heap before
{Heap before GC invocations=1 (full 0):
 garbage-first heap   total 260096K, used 33261K [0x0000000702800000, 0x0000000800000000)
  region size 2048K, 16 young (32768K), 2 survivors (4096K)
 Metaspace       used 13409K, committed 13696K, reserved 1114112K
  class space    used 1602K, committed 1728K, reserved 1048576K
}
Event: 0.603 GC heap after
{Heap after GC invocations=2 (full 0):
 garbage-first heap   total 260096K, used 9218K [0x0000000702800000, 0x0000000800000000)
  region size 2048K, 2 young (4096K), 2 survivors (4096K)
 Metaspace       used 13409K, committed 13696K, reserved 1114112K
  class space    used 1602K, committed 1728K, reserved 1048576K
}
Event: 1.104 GC heap before
{Heap before GC invocations=2 (full 0):
 garbage-first heap   total 260096K, used 60418K [0x0000000702800000, 0x0000000800000000)
  region size 2048K, 28 young (57344K), 2 survivors (4096K)
 Metaspace       used 21220K, committed 21504K, reserved 1114112K
  class space    used 2571K, committed 2688K, reserved 1048576K
}
Event: 1.107 GC heap after
{Heap after GC invocations=3 (full 0):
 garbage-first heap   total 260096K, used 12985K [0x0000000702800000, 0x0000000800000000)
  region size 2048K, 4 young (8192K), 4 survivors (8192K)
 Metaspace       used 21220K, committed 21504K, reserved 1114112K
  class space    used 2571K, committed 2688K, reserved 1048576K
}
Event: 1.530 GC heap before
{Heap before GC invocations=4 (full 0):
 garbage-first heap   total 61440K, used 41657K [0x0000000702800000, 0x0000000800000000)
  region size 2048K, 18 young (36864K), 4 survivors (8192K)
 Metaspace       used 28007K, committed 28480K, reserved 1114112K
  class space    used 3485K, committed 3712K, reserved 1048576K
}
Event: 1.535 GC heap after
{Heap after GC invocations=5 (full 0):
 garbage-first heap   total 61440K, used 16730K [0x0000000702800000, 0x0000000800000000)
  region size 2048K, 2 young (4096K), 2 survivors (4096K)
 Metaspace       used 28007K, committed 28480K, reserved 1114112K
  class space    used 3485K, committed 3712K, reserved 1048576K
}
Event: 2.056 GC heap before
{Heap before GC invocations=5 (full 0):
 garbage-first heap   total 61440K, used 45402K [0x0000000702800000, 0x0000000800000000)
  region size 2048K, 16 young (32768K), 2 survivors (4096K)
 Metaspace       used 33720K, committed 34176K, reserved 1114112K
  class space    used 4230K, committed 4416K, reserved 1048576K
}
Event: 2.059 GC heap after
{Heap after GC invocations=6 (full 0):
 garbage-first heap   total 61440K, used 18502K [0x0000000702800000, 0x0000000800000000)
  region size 2048K, 1 young (2048K), 1 survivors (2048K)
 Metaspace       used 33720K, committed 34176K, reserved 1114112K
  class space    used 4230K, committed 4416K, reserved 1048576K
}
Event: 2.149 GC heap before
{Heap before GC invocations=6 (full 0):
 garbage-first heap   total 61440K, used 24646K [0x0000000702800000, 0x0000000800000000)
  region size 2048K, 5 young (10240K), 1 survivors (2048K)
 Metaspace       used 35500K, committed 36096K, reserved 1114112K
  class space    used 4438K, committed 4736K, reserved 1048576K
}
Event: 2.150 GC heap after
{Heap after GC invocations=7 (full 0):
 garbage-first heap   total 61440K, used 18826K [0x0000000702800000, 0x0000000800000000)
  region size 2048K, 2 young (4096K), 2 survivors (4096K)
 Metaspace       used 35500K, committed 36096K, reserved 1114112K
  class space    used 4438K, committed 4736K, reserved 1048576K
}
Event: 2.487 GC heap before
{Heap before GC invocations=8 (full 0):
 garbage-first heap   total 61440K, used 45450K [0x0000000702800000, 0x0000000800000000)
  region size 2048K, 16 young (32768K), 2 survivors (4096K)
 Metaspace       used 42568K, committed 43136K, reserved 1114112K
  class space    used 5557K, committed 5824K, reserved 1048576K
}
Event: 2.489 GC heap after
{Heap after GC invocations=9 (full 0):
 garbage-first heap   total 61440K, used 20616K [0x0000000702800000, 0x0000000800000000)
  region size 2048K, 2 young (4096K), 2 survivors (4096K)
 Metaspace       used 42568K, committed 43136K, reserved 1114112K
  class space    used 5557K, committed 5824K, reserved 1048576K
}
Event: 2.821 GC heap before
{Heap before GC invocations=9 (full 0):
 garbage-first heap   total 61440K, used 47240K [0x0000000702800000, 0x0000000800000000)
  region size 2048K, 16 young (32768K), 2 survivors (4096K)
 Metaspace       used 50574K, committed 51136K, reserved 1114112K
  class space    used 6793K, committed 7040K, reserved 1048576K
}
Event: 2.823 GC heap after
{Heap after GC invocations=10 (full 0):
 garbage-first heap   total 61440K, used 21539K [0x0000000702800000, 0x0000000800000000)
  region size 2048K, 2 young (4096K), 2 survivors (4096K)
 Metaspace       used 50574K, committed 51136K, reserved 1114112K
  class space    used 6793K, committed 7040K, reserved 1048576K
}
Event: 3.160 GC heap before
{Heap before GC invocations=10 (full 0):
 garbage-first heap   total 61440K, used 52259K [0x0000000702800000, 0x0000000800000000)
  region size 2048K, 17 young (34816K), 2 survivors (4096K)
 Metaspace       used 56158K, committed 56768K, reserved 1114112K
  class space    used 7577K, committed 7872K, reserved 1048576K
}
Event: 3.163 GC heap after
{Heap after GC invocations=11 (full 0):
 garbage-first heap   total 61440K, used 24226K [0x0000000702800000, 0x0000000800000000)
  region size 2048K, 3 young (6144K), 3 survivors (6144K)
 Metaspace       used 56158K, committed 56768K, reserved 1114112K
  class space    used 7577K, committed 7872K, reserved 1048576K
}
Event: 3.348 GC heap before
{Heap before GC invocations=11 (full 0):
 garbage-first heap   total 61440K, used 48802K [0x0000000702800000, 0x0000000800000000)
  region size 2048K, 15 young (30720K), 3 survivors (6144K)
 Metaspace       used 58139K, committed 58752K, reserved 1114112K
  class space    used 7841K, committed 8128K, reserved 1048576K
}
Event: 3.351 GC heap after
{Heap after GC invocations=12 (full 0):
 garbage-first heap   total 61440K, used 26194K [0x0000000702800000, 0x0000000800000000)
  region size 2048K, 2 young (4096K), 2 survivors (4096K)
 Metaspace       used 58139K, committed 58752K, reserved 1114112K
  class space    used 7841K, committed 8128K, reserved 1048576K
}
Event: 3.450 GC heap before
{Heap before GC invocations=12 (full 0):
 garbage-first heap   total 61440K, used 34386K [0x0000000702800000, 0x0000000800000000)
  region size 2048K, 7 young (14336K), 2 survivors (4096K)
 Metaspace       used 59619K, committed 60288K, reserved 1114112K
  class space    used 8070K, committed 8384K, reserved 1048576K
}
Event: 3.452 GC heap after
{Heap after GC invocations=13 (full 0):
 garbage-first heap   total 161792K, used 26944K [0x0000000702800000, 0x0000000800000000)
  region size 2048K, 2 young (4096K), 2 survivors (4096K)
 Metaspace       used 59619K, committed 60288K, reserved 1114112K
  class space    used 8070K, committed 8384K, reserved 1048576K
}

