# JRE version: OpenJDK Runtime Environment Corretto-21.0.2.13.1 (21.0.2+13) (build 21.0.2+13-LTS)
# Java VM: OpenJDK 64-Bit Server VM Corretto-21.0.2.13.1 (21.0.2+13-LTS, mixed mode, sharing, tiered, compressed oops, compressed class ptrs, g1 gc, windows-amd64)
GC Precious Log:
 CardTable entry size: 512
 Card Set container configuration: InlinePtr #cards 5 size 8 Array Of Cards #cards 12 size 40 Howl #buckets 4 coarsen threshold 1843 Howl Bitmap #cards 512 size 80 coarsen threshold 460 Card regions per heap region 1 cards per card region 2048
 CPUs: 12 total, 12 available
 Memory: 16216M
 Large Page Support: Disabled
 NUMA Support: Disabled
 Compressed Oops: Enabled (32-bit)
 Heap Region Size: 1M
 Heap Min Capacity: 256M
 Heap Initial Capacity: 256M
 Heap Max Capacity: 512M
 Pre-touch: Disabled
 Parallel Workers: 10
 Concurrent Workers: 3
 Concurrent Refinement Workers: 10
 Periodic GC: Disabled
Heap:
 garbage-first heap   total 262144K, used 65893K [0x00000000e0000000, 0x0000000100000000)
  region size 1024K, 19 young (19456K), 4 survivors (4096K)
 Metaspace       used 59028K, committed 60928K, reserved 393216K
  class space    used 8622K, committed 9600K, reserved 327680K
GC Heap History (12 events):
Event: 0.270 GC heap before
{Heap before GC invocations=0 (full 0):
 garbage-first heap   total 262144K, used 26624K [0x00000000e0000000, 0x0000000100000000)
  region size 1024K, 23 young (23552K), 0 survivors (0K)
 Metaspace       used 3212K, committed 3328K, reserved 393216K
  class space    used 407K, committed 448K, reserved 327680K
}
Event: 0.273 GC heap after
{Heap after GC invocations=1 (full 0):
 garbage-first heap   total 262144K, used 10457K [0x00000000e0000000, 0x0000000100000000)
  region size 1024K, 3 young (3072K), 3 survivors (3072K)
 Metaspace       used 3212K, committed 3328K, reserved 393216K
  class space    used 407K, committed 448K, reserved 327680K
}
Event: 0.454 GC heap before
{Heap before GC invocations=1 (full 0):
 garbage-first heap   total 262144K, used 40153K [0x00000000e0000000, 0x0000000100000000)
  region size 1024K, 32 young (32768K), 3 survivors (3072K)
 Metaspace       used 4152K, committed 4352K, reserved 393216K
  class space    used 507K, committed 640K, reserved 327680K
}
Event: 0.455 GC heap after
{Heap after GC invocations=2 (full 0):
 garbage-first heap   total 262144K, used 11308K [0x00000000e0000000, 0x0000000100000000)
  region size 1024K, 1 young (1024K), 1 survivors (1024K)
 Metaspace       used 4152K, committed 4352K, reserved 393216K
  class space    used 507K, committed 640K, reserved 327680K
}
Event: 1.320 GC heap before
{Heap before GC invocations=2 (full 0):
 garbage-first heap   total 262144K, used 117804K [0x00000000e0000000, 0x0000000100000000)
  region size 1024K, 106 young (108544K), 1 survivors (1024K)
 Metaspace       used 20864K, committed 21504K, reserved 393216K
  class space    used 3063K, committed 3392K, reserved 327680K
}
Event: 1.324 GC heap after
{Heap after GC invocations=3 (full 0):
 garbage-first heap   total 262144K, used 23132K [0x00000000e0000000, 0x0000000100000000)
  region size 1024K, 13 young (13312K), 13 survivors (13312K)
 Metaspace       used 20864K, committed 21504K, reserved 393216K
  class space    used 3063K, committed 3392K, reserved 327680K
}
Event: 1.939 GC heap before
{Heap before GC invocations=4 (full 0):
 garbage-first heap   total 262144K, used 134748K [0x00000000e0000000, 0x0000000100000000)
  region size 1024K, 119 young (121856K), 13 survivors (13312K)
 Metaspace       used 34802K, committed 35968K, reserved 393216K
  class space    used 4964K, committed 5568K, reserved 327680K
}
Event: 1.947 GC heap after
{Heap after GC invocations=5 (full 0):
 garbage-first heap   total 262144K, used 33562K [0x00000000e0000000, 0x0000000100000000)
  region size 1024K, 9 young (9216K), 9 survivors (9216K)
 Metaspace       used 34802K, committed 35968K, reserved 393216K
  class space    used 4964K, committed 5568K, reserved 327680K
}
Event: 2.739 GC heap before
{Heap before GC invocations=6 (full 0):
 garbage-first heap   total 262144K, used 182042K [0x00000000e0000000, 0x0000000100000000)
  region size 1024K, 153 young (156672K), 9 survivors (9216K)
 Metaspace       used 46623K, committed 48064K, reserved 393216K
  class space    used 6520K, committed 7232K, reserved 327680K
}
Event: 2.745 GC heap after
{Heap after GC invocations=7 (full 0):
 garbage-first heap   total 262144K, used 40411K [0x00000000e0000000, 0x0000000100000000)
  region size 1024K, 18 young (18432K), 18 survivors (18432K)
 Metaspace       used 46623K, committed 48064K, reserved 393216K
  class space    used 6520K, committed 7232K, reserved 327680K
}
Event: 3.659 GC heap before
{Heap before GC invocations=7 (full 0):
 garbage-first heap   total 262144K, used 178651K [0x00000000e0000000, 0x0000000100000000)
  region size 1024K, 153 young (156672K), 18 survivors (18432K)
 Metaspace       used 57623K, committed 59520K, reserved 393216K
  class space    used 8367K, committed 9280K, reserved 327680K
}
Event: 3.669 GC heap after
{Heap after GC invocations=8 (full 0):
 garbage-first heap   total 262144K, used 50665K [0x00000000e0000000, 0x0000000100000000)
  region size 1024K, 20 young (20480K), 20 survivors (20480K)
 Metaspace       used 57623K, committed 59520K, reserved 393216K
  class space    used 8367K, committed 9280K, reserved 327680K
}

