# JRE version: OpenJDK Runtime Environment Corretto-21.0.2.13.1 (21.0.2+13) (build 21.0.2+13-LTS)
# Java VM: OpenJDK 64-Bit Server VM Corretto-21.0.2.13.1 (21.0.2+13-LTS, mixed mode, sharing, tiered, compressed oops, compressed class ptrs, g1 gc, windows-amd64)
GC Precious Log:
 CardTable entry size: 512
 Card Set container configuration: InlinePtr #cards 5 size 8 Array Of Cards #cards 12 size 40 Howl #buckets 4 coarsen threshold 1843 Howl Bitmap #cards 512 size 80 coarsen threshold 460 Card regions per heap region 1 cards per card region 2048
 CPUs: 12 total, 12 available
 Memory: 16216M
 Large Page Support: Disabled
 NUMA Support: Disabled
 Compressed Oops: Enabled (32-bit)
 Heap Region Size: 1M
 Heap Min Capacity: 256M
 Heap Initial Capacity: 256M
 Heap Max Capacity: 512M
 Pre-touch: Disabled
 Parallel Workers: 10
 Concurrent Workers: 3
 Concurrent Refinement Workers: 10
 Periodic GC: Disabled
Heap:
 garbage-first heap   total 262144K, used 117118K [0x00000000e0000000, 0x0000000100000000)
  region size 1024K, 16 young (16384K), 13 survivors (13312K)
 Metaspace       used 84728K, committed 87040K, reserved 458752K
  class space    used 11613K, committed 12736K, reserved 327680K
GC Heap History (20 events):
Event: 0.471 GC heap before
{Heap before GC invocations=1 (full 0):
 garbage-first heap   total 262144K, used 39355K [0x00000000e0000000, 0x0000000100000000)
  region size 1024K, 31 young (31744K), 3 survivors (3072K)
 Metaspace       used 4155K, committed 4352K, reserved 393216K
  class space    used 507K, committed 640K, reserved 327680K
}
Event: 0.473 GC heap after
{Heap after GC invocations=2 (full 0):
 garbage-first heap   total 262144K, used 11140K [0x00000000e0000000, 0x0000000100000000)
  region size 1024K, 1 young (1024K), 1 survivors (1024K)
 Metaspace       used 4155K, committed 4352K, reserved 393216K
  class space    used 507K, committed 640K, reserved 327680K
}
Event: 1.410 GC heap before
{Heap before GC invocations=2 (full 0):
 garbage-first heap   total 262144K, used 117636K [0x00000000e0000000, 0x0000000100000000)
  region size 1024K, 106 young (108544K), 1 survivors (1024K)
 Metaspace       used 20805K, committed 21504K, reserved 393216K
  class space    used 3033K, committed 3392K, reserved 327680K
}
Event: 1.416 GC heap after
{Heap after GC invocations=3 (full 0):
 garbage-first heap   total 262144K, used 22822K [0x00000000e0000000, 0x0000000100000000)
  region size 1024K, 13 young (13312K), 13 survivors (13312K)
 Metaspace       used 20805K, committed 21504K, reserved 393216K
  class space    used 3033K, committed 3392K, reserved 327680K
}
Event: 2.066 GC heap before
{Heap before GC invocations=4 (full 0):
 garbage-first heap   total 262144K, used 130342K [0x00000000e0000000, 0x0000000100000000)
  region size 1024K, 109 young (111616K), 13 survivors (13312K)
 Metaspace       used 34732K, committed 35968K, reserved 393216K
  class space    used 5068K, committed 5696K, reserved 327680K
}
Event: 2.072 GC heap after
{Heap after GC invocations=5 (full 0):
 garbage-first heap   total 262144K, used 42849K [0x00000000e0000000, 0x0000000100000000)
  region size 1024K, 9 young (9216K), 9 survivors (9216K)
 Metaspace       used 34732K, committed 35968K, reserved 393216K
  class space    used 5068K, committed 5696K, reserved 327680K
}
Event: 2.941 GC heap before
{Heap before GC invocations=6 (full 0):
 garbage-first heap   total 262144K, used 199521K [0x00000000e0000000, 0x0000000100000000)
  region size 1024K, 153 young (156672K), 9 survivors (9216K)
 Metaspace       used 50197K, committed 51776K, reserved 393216K
  class space    used 7084K, committed 7872K, reserved 327680K
}
Event: 2.949 GC heap after
{Heap after GC invocations=7 (full 0):
 garbage-first heap   total 262144K, used 57969K [0x00000000e0000000, 0x0000000100000000)
  region size 1024K, 20 young (20480K), 20 survivors (20480K)
 Metaspace       used 50197K, committed 51776K, reserved 393216K
  class space    used 7084K, committed 7872K, reserved 327680K
}
Event: 3.532 GC heap before
{Heap before GC invocations=7 (full 0):
 garbage-first heap   total 262144K, used 120433K [0x00000000e0000000, 0x0000000100000000)
  region size 1024K, 83 young (84992K), 20 survivors (20480K)
 Metaspace       used 58640K, committed 60288K, reserved 393216K
  class space    used 8237K, committed 9088K, reserved 327680K
}
Event: 3.539 GC heap after
{Heap after GC invocations=8 (full 0):
 garbage-first heap   total 262144K, used 63851K [0x00000000e0000000, 0x0000000100000000)
  region size 1024K, 6 young (6144K), 6 survivors (6144K)
 Metaspace       used 58640K, committed 60288K, reserved 393216K
  class space    used 8237K, committed 9088K, reserved 327680K
}
Event: 17.631 GC heap before
{Heap before GC invocations=9 (full 0):
 garbage-first heap   total 262144K, used 213355K [0x00000000e0000000, 0x0000000100000000)
  region size 1024K, 153 young (156672K), 6 survivors (6144K)
 Metaspace       used 64082K, committed 65792K, reserved 393216K
  class space    used 8810K, committed 9664K, reserved 327680K
}
Event: 17.634 GC heap after
{Heap after GC invocations=10 (full 0):
 garbage-first heap   total 262144K, used 66103K [0x00000000e0000000, 0x0000000100000000)
  region size 1024K, 8 young (8192K), 8 survivors (8192K)
 Metaspace       used 64082K, committed 65792K, reserved 393216K
  class space    used 8810K, committed 9664K, reserved 327680K
}
Event: 18.261 GC heap before
{Heap before GC invocations=10 (full 0):
 garbage-first heap   total 262144K, used 224823K [0x00000000e0000000, 0x0000000100000000)
  region size 1024K, 153 young (156672K), 8 survivors (8192K)
 Metaspace       used 69908K, committed 71808K, reserved 393216K
  class space    used 9727K, committed 10688K, reserved 327680K
}
Event: 18.266 GC heap after
{Heap after GC invocations=11 (full 0):
 garbage-first heap   total 262144K, used 85231K [0x00000000e0000000, 0x0000000100000000)
  region size 1024K, 16 young (16384K), 16 survivors (16384K)
 Metaspace       used 69908K, committed 71808K, reserved 393216K
  class space    used 9727K, committed 10688K, reserved 327680K
}
Event: 24.103 GC heap before
{Heap before GC invocations=11 (full 0):
 garbage-first heap   total 262144K, used 225519K [0x00000000e0000000, 0x0000000100000000)
  region size 1024K, 153 young (156672K), 16 survivors (16384K)
 Metaspace       used 75670K, committed 77824K, reserved 458752K
  class space    used 10651K, committed 11712K, reserved 327680K
}
Event: 24.115 GC heap after
{Heap after GC invocations=12 (full 0):
 garbage-first heap   total 262144K, used 101046K [0x00000000e0000000, 0x0000000100000000)
  region size 1024K, 20 young (20480K), 20 survivors (20480K)
 Metaspace       used 75670K, committed 77824K, reserved 458752K
  class space    used 10651K, committed 11712K, reserved 327680K
}
Event: 34.880 GC heap before
{Heap before GC invocations=12 (full 0):
 garbage-first heap   total 262144K, used 226998K [0x00000000e0000000, 0x0000000100000000)
  region size 1024K, 143 young (146432K), 20 survivors (20480K)
 Metaspace       used 78505K, committed 80704K, reserved 458752K
  class space    used 10870K, committed 11968K, reserved 327680K
}
Event: 34.888 GC heap after
{Heap after GC invocations=13 (full 0):
 garbage-first heap   total 262144K, used 109251K [0x00000000e0000000, 0x0000000100000000)
  region size 1024K, 7 young (7168K), 7 survivors (7168K)
 Metaspace       used 78505K, committed 80704K, reserved 458752K
  class space    used 10870K, committed 11968K, reserved 327680K
}
Event: 51.133 GC heap before
{Heap before GC invocations=13 (full 0):
 garbage-first heap   total 262144K, used 230083K [0x00000000e0000000, 0x0000000100000000)
  region size 1024K, 126 young (129024K), 7 survivors (7168K)
 Metaspace       used 84482K, committed 86848K, reserved 458752K
  class space    used 11562K, committed 12736K, reserved 327680K
}
Event: 51.139 GC heap after
{Heap after GC invocations=14 (full 0):
 garbage-first heap   total 262144K, used 115070K [0x00000000e0000000, 0x0000000100000000)
  region size 1024K, 13 young (13312K), 13 survivors (13312K)
 Metaspace       used 84482K, committed 86848K, reserved 458752K
  class space    used 11562K, committed 12736K, reserved 327680K
}

